生成启动时间为 2017/4/10 18:53:51。
     1>项目“C:\Users\Administrator\Desktop\tongxunlu\tongxunlu.vcxproj”在节点 2 上(build 个目标)。
     1>InitializeBuildStatus:
         正在创建“Debug\tongxunlu.unsuccessfulbuild”，因为已指定“AlwaysCreate”。
       ClCompile:
         D:\VS2010旗舰\VC\bin\CL.exe /c /ZI /nologo /W3 /WX- /Od /Oy- /D WIN32 /D _DEBUG /D _CONSOLE /D _UNICODE /D UNICODE /Gm /EHsc /RTC1 /MDd /GS /fp:precise /Zc:wchar_t /Zc:forScope /Fo"Debug\\" /Fd"Debug\vc100.pdb" /Gd /TP /analyze- /errorReport:prompt main.cpp
         main.cpp
     1>c:\users\administrator\desktop\tongxunlu\main.cpp(122): warning C4018: “<”: 有符号/无符号不匹配
     1>c:\users\administrator\desktop\tongxunlu\main.cpp(189): warning C4018: “<”: 有符号/无符号不匹配
     1>c:\users\administrator\desktop\tongxunlu\main.cpp(238): warning C4018: “<”: 有符号/无符号不匹配
     1>c:\users\administrator\desktop\tongxunlu\main.cpp(263): warning C4018: “<”: 有符号/无符号不匹配
     1>c:\users\administrator\desktop\tongxunlu\main.cpp(279): warning C4018: “<”: 有符号/无符号不匹配
     1>c:\users\administrator\desktop\tongxunlu\main.cpp(323): warning C4018: “<”: 有符号/无符号不匹配
     1>c:\users\administrator\desktop\tongxunlu\main.cpp(363): warning C4018: “<”: 有符号/无符号不匹配
     1>c:\users\administrator\desktop\tongxunlu\main.cpp(403): warning C4018: “<”: 有符号/无符号不匹配
     1>c:\users\administrator\desktop\tongxunlu\main.cpp(444): warning C4018: “<”: 有符号/无符号不匹配
     1>c:\users\administrator\desktop\tongxunlu\main.cpp(490): warning C4018: “<”: 有符号/无符号不匹配
     1>c:\users\administrator\desktop\tongxunlu\main.cpp(555): warning C4018: “<”: 有符号/无符号不匹配
     1>c:\users\administrator\desktop\tongxunlu\main.cpp(630): warning C4018: “<”: 有符号/无符号不匹配
     1>c:\users\administrator\desktop\tongxunlu\main.cpp(634): warning C4018: “<”: 有符号/无符号不匹配
     1>c:\users\administrator\desktop\tongxunlu\main.cpp(502): warning C4700: 使用了未初始化的局部变量“len_1”
       ManifestResourceCompile:
         所有输出均为最新。
       Link:
         D:\VS2010旗舰\VC\bin\link.exe /ERRORREPORT:PROMPT /OUT:"C:\Users\Administrator\Desktop\tongxunlu\Debug\tongxunlu.exe" /INCREMENTAL /NOLOGO kernel32.lib user32.lib gdi32.lib winspool.lib comdlg32.lib advapi32.lib shell32.lib ole32.lib oleaut32.lib uuid.lib odbc32.lib odbccp32.lib /MANIFEST /ManifestFile:"Debug\tongxunlu.exe.intermediate.manifest" /MANIFESTUAC:"level='asInvoker' uiAccess='false'" /DEBUG /PDB:"C:\Users\Administrator\Desktop\tongxunlu\Debug\tongxunlu.pdb" /SUBSYSTEM:CONSOLE /TLBID:1 /DYNAMICBASE /NXCOMPAT /IMPLIB:"C:\Users\Administrator\Desktop\tongxunlu\Debug\tongxunlu.lib" /MACHINE:X86 Debug\tongxunlu.exe.embed.manifest.res
         Debug\main.obj
       Manifest:
         C:\Program Files (x86)\Microsoft SDKs\Windows\v7.0A\bin\mt.exe /nologo /verbose /out:"Debug\tongxunlu.exe.embed.manifest" /manifest Debug\tongxunlu.exe.intermediate.manifest
         所有输出均为最新。
       LinkEmbedManifest:
         所有输出均为最新。
         tongxunlu.vcxproj -> C:\Users\Administrator\Desktop\tongxunlu\Debug\tongxunlu.exe
       FinalizeBuildStatus:
         正在删除文件“Debug\tongxunlu.unsuccessfulbuild”。
         正在对“Debug\tongxunlu.lastbuildstate”执行 Touch 任务。
     1>已完成生成项目“C:\Users\Administrator\Desktop\tongxunlu\tongxunlu.vcxproj”(build 个目标)的操作。

生成成功。

已用时间 00:00:01.04
