生成启动时间为 2017/7/8 15:34:04。
     1>项目“C:\Users\红菱\Desktop\自动排号机（队列实现）\自动排号机（队列实现）\自动排号机（队列实现）.vcxproj”在节点 2 上(build 个目标)。
     1>InitializeBuildStatus:
         正在创建“Debug\自动排号机（队列实现）.unsuccessfulbuild”，因为已指定“AlwaysCreate”。
       ClCompile:
         H:\VS2010\VC\bin\CL.exe /c /ZI /nologo /W3 /WX- /Od /Oy- /D WIN32 /D _DEBUG /D _CONSOLE /D _UNICODE /D UNICODE /Gm /EHsc /RTC1 /MDd /GS /fp:precise /Zc:wchar_t /Zc:forScope /Fo"Debug\\" /Fd"Debug\vc100.pdb" /Gd /TP /analyze- /errorReport:prompt main.cpp
         main.cpp
       ManifestResourceCompile:
         所有输出均为最新。
       Link:
         H:\VS2010\VC\bin\link.exe /ERRORREPORT:PROMPT /OUT:"C:\Users\红菱\Desktop\自动排号机（队列实现）\Debug\自动排号机（队列实现）.exe" /INCREMENTAL /NOLOGO opencv_ts300.lib opencv_world300.lib kernel32.lib user32.lib gdi32.lib winspool.lib comdlg32.lib advapi32.lib shell32.lib ole32.lib oleaut32.lib uuid.lib odbc32.lib odbccp32.lib /MANIFEST /ManifestFile:"Debug\自动排号机（队列实现）.exe.intermediate.manifest" /MANIFESTUAC:"level='asInvoker' uiAccess='false'" /DEBUG /PDB:"C:\Users\红菱\Desktop\自动排号机（队列实现）\Debug\自动排号机（队列实现）.pdb" /SUBSYSTEM:CONSOLE /TLBID:1 /DYNAMICBASE /NXCOMPAT /IMPLIB:"C:\Users\红菱\Desktop\自动排号机（队列实现）\Debug\自动排号机（队列实现）.lib" /MACHINE:X86 "Debug\自动排号机（队列实现）.exe.embed.manifest.res"
         Debug\main.obj
         Debug\queue.obj
       Manifest:
         C:\Program Files (x86)\Microsoft SDKs\Windows\v7.0A\bin\mt.exe /nologo /verbose /out:"Debug\自动排号机（队列实现）.exe.embed.manifest" /manifest "Debug\自动排号机（队列实现）.exe.intermediate.manifest"
         所有输出均为最新。
       LinkEmbedManifest:
         所有输出均为最新。
         自动排号机（队列实现）.vcxproj -> C:\Users\红菱\Desktop\自动排号机（队列实现）\Debug\自动排号机（队列实现）.exe
       FinalizeBuildStatus:
         正在删除文件“Debug\自动排号机（队列实现）.unsuccessfulbuild”。
         正在对“Debug\自动排号机（队列实现）.lastbuildstate”执行 Touch 任务。
     1>已完成生成项目“C:\Users\红菱\Desktop\自动排号机（队列实现）\自动排号机（队列实现）\自动排号机（队列实现）.vcxproj”(build 个目标)的操作。

生成成功。

已用时间 00:00:00.72
